<?xml version="1.0" encoding="UTF-8"?>
<testsuite name="tests.FormPayment" tests="1" skipped="0" failures="0" errors="0" timestamp="2022-10-01T15:30:48" hostname="DESKTOP-BT4I1O1" time="14.713">
  <properties/>
  <testcase name="Оплата картой со статусом DECLINED, обычная покупка, введение валидных данныхс последующей проверкой статуса в СУБД" classname="tests.FormPayment" time="14.713"/>
  <system-out><![CDATA[]]></system-out>
  <system-err><![CDATA[Starting ChromeDriver 105.0.5195.52 (412c95e518836d8a7d97250d62b29c2ae6a26a85-refs/branch-heads/5195@{#853}) on port 59643
Only local connections are allowed.
Please see https://chromedriver.chromium.org/security-considerations for suggestions on keeping ChromeDriver safe.
ChromeDriver was started successfully.
окт. 01, 2022 6:30:52 PM org.openqa.selenium.remote.ProtocolHandshake createSession
INFO: Detected upstream dialect: W3C
окт. 01, 2022 6:30:53 PM org.openqa.selenium.devtools.CdpVersionFinder findNearestMatch
WARNING: Unable to find an exact match for CDP version 105, so returning the closest version found: 104
окт. 01, 2022 6:30:53 PM org.openqa.selenium.devtools.CdpVersionFinder findNearestMatch
INFO: Found CDP implementation for version 105 of 104
]]></system-err>
</testsuite>
